[INFO] Scanning for projects...
[WARNING] Failed to build parent project for com.example:api-gateway:jar:1.0-SNAPSHOT
[INFO] 
[INFO] ----------------------< com.example:api-gateway >-----------------------
[INFO] Building api-gateway 1.0-SNAPSHOT
[INFO]   from pom.xml
[INFO] --------------------------------[ jar ]---------------------------------
[INFO] 
[INFO] >>> spring-boot:3.2.3:run (default-cli) > test-compile @ api-gateway >>>
[INFO] 
[INFO] --- resources:3.3.1:resources (default-resources) @ api-gateway ---
[INFO] Copying 1 resource from src/main/resources to target/classes
[INFO] Copying 0 resource from src/main/resources to target/classes
[INFO] 
[INFO] --- compiler:3.11.0:compile (default-compile) @ api-gateway ---
[INFO] Nothing to compile - all classes are up to date
[INFO] 
[INFO] --- resources:3.3.1:testResources (default-testResources) @ api-gateway ---
[INFO] skip non existing resourceDirectory /Users/bapidas/IdeaProjects/SpringProject/api-gateway/src/test/resources
[INFO] 
[INFO] --- compiler:3.11.0:testCompile (default-testCompile) @ api-gateway ---
[INFO] No sources to compile
[INFO] 
[INFO] <<< spring-boot:3.2.3:run (default-cli) < test-compile @ api-gateway <<<
[INFO] 
[INFO] 
[INFO] --- spring-boot:3.2.3:run (default-cli) @ api-gateway ---
[INFO] Attaching agents: []

  .   ____          _            __ _ _
 /\\ / ___'_ __ _ _(_)_ __  __ _ \ \ \ \
( ( )\___ | '_ | '_| | '_ \/ _` | \ \ \ \
 \\/  ___)| |_)| | | | | || (_| |  ) ) ) )
  '  |____| .__|_| |_|_| |_\__, | / / / /
 =========|_|==============|___/=/_/_/_/
 :: Spring Boot ::                (v3.2.3)

2025-05-11T21:34:14.228+05:30  INFO 49297 --- [api-gateway] [           main] c.e.apigateway.ApiGatewayApplication     : Starting ApiGatewayApplication using Java 17.0.14 with PID 49297 (/Users/bapidas/IdeaProjects/SpringProject/api-gateway/target/classes started by bapidas in /Users/bapidas/IdeaProjects/SpringProject/api-gateway)
2025-05-11T21:34:14.232+05:30  INFO 49297 --- [api-gateway] [           main] c.e.apigateway.ApiGatewayApplication     : No active profile set, falling back to 1 default profile: "default"
2025-05-11T21:34:15.285+05:30  INFO 49297 --- [api-gateway] [           main] o.s.cloud.context.scope.GenericScope     : BeanFactory id=f45c71db-d3f9-38e9-bf27-10b97115a762
2025-05-11T21:34:15.359+05:30  WARN 49297 --- [api-gateway] [           main] trationDelegate$BeanPostProcessorChecker : Bean 'org.springframework.cloud.client.loadbalancer.LoadBalancerAutoConfiguration$LoadBalancerInterceptorConfig' of type [org.springframework.cloud.client.loadbalancer.LoadBalancerAutoConfiguration$LoadBalancerInterceptorConfig] is not eligible for getting processed by all BeanPostProcessors (for example: not eligible for auto-proxying). The currently created BeanPostProcessor [lbRestClientPostProcessor] is declared through a non-static factory method on that class; consider declaring it as static instead.
2025-05-11T21:34:15.362+05:30  WARN 49297 --- [api-gateway] [           main] trationDelegate$BeanPostProcessorChecker : Bean 'org.springframework.cloud.loadbalancer.config.BlockingLoadBalancerClientAutoConfiguration' of type [org.springframework.cloud.loadbalancer.config.BlockingLoadBalancerClientAutoConfiguration] is not eligible for getting processed by all BeanPostProcessors (for example: not eligible for auto-proxying). Is this bean getting eagerly injected into a currently created BeanPostProcessor [lbRestClientPostProcessor]? Check the corresponding BeanPostProcessor declaration and its dependencies.
2025-05-11T21:34:15.363+05:30  WARN 49297 --- [api-gateway] [           main] trationDelegate$BeanPostProcessorChecker : Bean 'org.springframework.cloud.loadbalancer.config.LoadBalancerAutoConfiguration' of type [org.springframework.cloud.loadbalancer.config.LoadBalancerAutoConfiguration] is not eligible for getting processed by all BeanPostProcessors (for example: not eligible for auto-proxying). Is this bean getting eagerly injected into a currently created BeanPostProcessor [lbRestClientPostProcessor]? Check the corresponding BeanPostProcessor declaration and its dependencies.
2025-05-11T21:34:15.371+05:30  WARN 49297 --- [api-gateway] [           main] trationDelegate$BeanPostProcessorChecker : Bean 'org.springframework.cloud.commons.config.CommonsConfigAutoConfiguration' of type [org.springframework.cloud.commons.config.CommonsConfigAutoConfiguration] is not eligible for getting processed by all BeanPostProcessors (for example: not eligible for auto-proxying). Is this bean getting eagerly injected into a currently created BeanPostProcessor [lbRestClientPostProcessor]? Check the corresponding BeanPostProcessor declaration and its dependencies.
2025-05-11T21:34:15.373+05:30  WARN 49297 --- [api-gateway] [           main] trationDelegate$BeanPostProcessorChecker : Bean 'org.springframework.cloud.client.loadbalancer.LoadBalancerDefaultMappingsProviderAutoConfiguration' of type [org.springframework.cloud.client.loadbalancer.LoadBalancerDefaultMappingsProviderAutoConfiguration] is not eligible for getting processed by all BeanPostProcessors (for example: not eligible for auto-proxying). Is this bean getting eagerly injected into a currently created BeanPostProcessor [lbRestClientPostProcessor]? Check the corresponding BeanPostProcessor declaration and its dependencies.
2025-05-11T21:34:15.374+05:30  WARN 49297 --- [api-gateway] [           main] trationDelegate$BeanPostProcessorChecker : Bean 'loadBalancerClientsDefaultsMappingsProvider' of type [org.springframework.cloud.client.loadbalancer.LoadBalancerDefaultMappingsProviderAutoConfiguration$$Lambda$453/0x000000012732f5b8] is not eligible for getting processed by all BeanPostProcessors (for example: not eligible for auto-proxying). Is this bean getting eagerly injected into a currently created BeanPostProcessor [lbRestClientPostProcessor]? Check the corresponding BeanPostProcessor declaration and its dependencies.
2025-05-11T21:34:15.375+05:30  WARN 49297 --- [api-gateway] [           main] trationDelegate$BeanPostProcessorChecker : Bean 'defaultsBindHandlerAdvisor' of type [org.springframework.cloud.commons.config.DefaultsBindHandlerAdvisor] is not eligible for getting processed by all BeanPostProcessors (for example: not eligible for auto-proxying). Is this bean getting eagerly injected into a currently created BeanPostProcessor [lbRestClientPostProcessor]? Check the corresponding BeanPostProcessor declaration and its dependencies.
2025-05-11T21:34:15.383+05:30  WARN 49297 --- [api-gateway] [           main] trationDelegate$BeanPostProcessorChecker : Bean 'spring.cloud.loadbalancer-org.springframework.cloud.client.loadbalancer.LoadBalancerClientsProperties' of type [org.springframework.cloud.client.loadbalancer.LoadBalancerClientsProperties] is not eligible for getting processed by all BeanPostProcessors (for example: not eligible for auto-proxying). Is this bean getting eagerly injected into a currently created BeanPostProcessor [lbRestClientPostProcessor]? Check the corresponding BeanPostProcessor declaration and its dependencies.
2025-05-11T21:34:15.388+05:30  WARN 49297 --- [api-gateway] [           main] trationDelegate$BeanPostProcessorChecker : Bean 'default.org.springframework.cloud.loadbalancer.config.LoadBalancerAutoConfiguration.LoadBalancerClientSpecification' of type [org.springframework.cloud.loadbalancer.annotation.LoadBalancerClientSpecification] is not eligible for getting processed by all BeanPostProcessors (for example: not eligible for auto-proxying). Is this bean getting eagerly injected into a currently created BeanPostProcessor [lbRestClientPostProcessor]? Check the corresponding BeanPostProcessor declaration and its dependencies.
2025-05-11T21:34:15.389+05:30  WARN 49297 --- [api-gateway] [           main] trationDelegate$BeanPostProcessorChecker : Bean 'default.org.springframework.cloud.loadbalancer.config.BlockingLoadBalancerClientAutoConfiguration.LoadBalancerClientSpecification' of type [org.springframework.cloud.loadbalancer.annotation.LoadBalancerClientSpecification] is not eligible for getting processed by all BeanPostProcessors (for example: not eligible for auto-proxying). Is this bean getting eagerly injected into a currently created BeanPostProcessor [lbRestClientPostProcessor]? Check the corresponding BeanPostProcessor declaration and its dependencies.
2025-05-11T21:34:15.389+05:30  WARN 49297 --- [api-gateway] [           main] trationDelegate$BeanPostProcessorChecker : Bean 'default.org.springframework.cloud.netflix.eureka.loadbalancer.LoadBalancerEurekaAutoConfiguration.LoadBalancerClientSpecification' of type [org.springframework.cloud.loadbalancer.annotation.LoadBalancerClientSpecification] is not eligible for getting processed by all BeanPostProcessors (for example: not eligible for auto-proxying). Is this bean getting eagerly injected into a currently created BeanPostProcessor [lbRestClientPostProcessor]? Check the corresponding BeanPostProcessor declaration and its dependencies.
2025-05-11T21:34:15.390+05:30  WARN 49297 --- [api-gateway] [           main] trationDelegate$BeanPostProcessorChecker : Bean 'loadBalancerClientFactory' of type [org.springframework.cloud.loadbalancer.support.LoadBalancerClientFactory] is not eligible for getting processed by all BeanPostProcessors (for example: not eligible for auto-proxying). Is this bean getting eagerly injected into a currently created BeanPostProcessor [lbRestClientPostProcessor]? Check the corresponding BeanPostProcessor declaration and its dependencies.
2025-05-11T21:34:15.393+05:30  WARN 49297 --- [api-gateway] [           main] trationDelegate$BeanPostProcessorChecker : Bean 'blockingLoadBalancerClient' of type [org.springframework.cloud.loadbalancer.blocking.client.BlockingLoadBalancerClient] is not eligible for getting processed by all BeanPostProcessors (for example: not eligible for auto-proxying). Is this bean getting eagerly injected into a currently created BeanPostProcessor [lbRestClientPostProcessor]? Check the corresponding BeanPostProcessor declaration and its dependencies.
2025-05-11T21:34:15.401+05:30  WARN 49297 --- [api-gateway] [           main] trationDelegate$BeanPostProcessorChecker : Bean 'loadBalancerServiceInstanceCookieTransformer' of type [org.springframework.cloud.loadbalancer.core.LoadBalancerServiceInstanceCookieTransformer] is not eligible for getting processed by all BeanPostProcessors (for example: not eligible for auto-proxying). Is this bean getting eagerly injected into a currently created BeanPostProcessor [lbRestClientPostProcessor]? Check the corresponding BeanPostProcessor declaration and its dependencies.
2025-05-11T21:34:15.402+05:30  WARN 49297 --- [api-gateway] [           main] trationDelegate$BeanPostProcessorChecker : Bean 'xForwarderHeadersTransformer' of type [org.springframework.cloud.loadbalancer.blocking.XForwardedHeadersTransformer] is not eligible for getting processed by all BeanPostProcessors (for example: not eligible for auto-proxying). Is this bean getting eagerly injected into a currently created BeanPostProcessor [lbRestClientPostProcessor]? Check the corresponding BeanPostProcessor declaration and its dependencies.
2025-05-11T21:34:15.403+05:30  WARN 49297 --- [api-gateway] [           main] trationDelegate$BeanPostProcessorChecker : Bean 'org.springframework.cloud.client.loadbalancer.LoadBalancerAutoConfiguration' of type [org.springframework.cloud.client.loadbalancer.LoadBalancerAutoConfiguration] is not eligible for getting processed by all BeanPostProcessors (for example: not eligible for auto-proxying). Is this bean getting eagerly injected into a currently created BeanPostProcessor [lbRestClientPostProcessor]? Check the corresponding BeanPostProcessor declaration and its dependencies.
2025-05-11T21:34:15.404+05:30  WARN 49297 --- [api-gateway] [           main] trationDelegate$BeanPostProcessorChecker : Bean 'loadBalancerRequestFactory' of type [org.springframework.cloud.client.loadbalancer.LoadBalancerRequestFactory] is not eligible for getting processed by all BeanPostProcessors (for example: not eligible for auto-proxying). Is this bean getting eagerly injected into a currently created BeanPostProcessor [lbRestClientPostProcessor]? Check the corresponding BeanPostProcessor declaration and its dependencies.
2025-05-11T21:34:15.405+05:30  WARN 49297 --- [api-gateway] [           main] trationDelegate$BeanPostProcessorChecker : Bean 'loadBalancerInterceptor' of type [org.springframework.cloud.client.loadbalancer.LoadBalancerInterceptor] is not eligible for getting processed by all BeanPostProcessors (for example: not eligible for auto-proxying). Is this bean getting eagerly injected into a currently created BeanPostProcessor [lbRestClientPostProcessor]? Check the corresponding BeanPostProcessor declaration and its dependencies.
2025-05-11T21:34:15.407+05:30  WARN 49297 --- [api-gateway] [           main] trationDelegate$BeanPostProcessorChecker : Bean 'org.springframework.cloud.client.loadbalancer.reactive.LoadBalancerBeanPostProcessorAutoConfiguration' of type [org.springframework.cloud.client.loadbalancer.reactive.LoadBalancerBeanPostProcessorAutoConfiguration] is not eligible for getting processed by all BeanPostProcessors (for example: not eligible for auto-proxying). The currently created BeanPostProcessor [loadBalancerWebClientBuilderBeanPostProcessor] is declared through a non-static factory method on that class; consider declaring it as static instead.
2025-05-11T21:34:15.408+05:30  WARN 49297 --- [api-gateway] [           main] trationDelegate$BeanPostProcessorChecker : Bean 'org.springframework.cloud.client.loadbalancer.reactive.LoadBalancerBeanPostProcessorAutoConfiguration$ReactorDeferringLoadBalancerFilterConfig' of type [org.springframework.cloud.client.loadbalancer.reactive.LoadBalancerBeanPostProcessorAutoConfiguration$ReactorDeferringLoadBalancerFilterConfig] is not eligible for getting processed by all BeanPostProcessors (for example: not eligible for auto-proxying). Is this bean getting eagerly injected into a currently created BeanPostProcessor [loadBalancerWebClientBuilderBeanPostProcessor]? Check the corresponding BeanPostProcessor declaration and its dependencies.
2025-05-11T21:34:15.410+05:30  WARN 49297 --- [api-gateway] [           main] trationDelegate$BeanPostProcessorChecker : Bean 'reactorDeferringLoadBalancerExchangeFilterFunction' of type [org.springframework.cloud.client.loadbalancer.reactive.DeferringLoadBalancerExchangeFilterFunction] is not eligible for getting processed by all BeanPostProcessors (for example: not eligible for auto-proxying). Is this bean getting eagerly injected into a currently created BeanPostProcessor [loadBalancerWebClientBuilderBeanPostProcessor]? Check the corresponding BeanPostProcessor declaration and its dependencies.
2025-05-11T21:34:16.315+05:30  INFO 49297 --- [api-gateway] [           main] o.s.c.g.r.RouteDefinitionRouteLocator    : Loaded RoutePredicateFactory [After]
2025-05-11T21:34:16.315+05:30  INFO 49297 --- [api-gateway] [           main] o.s.c.g.r.RouteDefinitionRouteLocator    : Loaded RoutePredicateFactory [Before]
2025-05-11T21:34:16.315+05:30  INFO 49297 --- [api-gateway] [           main] o.s.c.g.r.RouteDefinitionRouteLocator    : Loaded RoutePredicateFactory [Between]
2025-05-11T21:34:16.315+05:30  INFO 49297 --- [api-gateway] [           main] o.s.c.g.r.RouteDefinitionRouteLocator    : Loaded RoutePredicateFactory [Cookie]
2025-05-11T21:34:16.315+05:30  INFO 49297 --- [api-gateway] [           main] o.s.c.g.r.RouteDefinitionRouteLocator    : Loaded RoutePredicateFactory [Header]
2025-05-11T21:34:16.315+05:30  INFO 49297 --- [api-gateway] [           main] o.s.c.g.r.RouteDefinitionRouteLocator    : Loaded RoutePredicateFactory [Host]
2025-05-11T21:34:16.315+05:30  INFO 49297 --- [api-gateway] [           main] o.s.c.g.r.RouteDefinitionRouteLocator    : Loaded RoutePredicateFactory [Method]
2025-05-11T21:34:16.316+05:30  INFO 49297 --- [api-gateway] [           main] o.s.c.g.r.RouteDefinitionRouteLocator    : Loaded RoutePredicateFactory [Path]
2025-05-11T21:34:16.316+05:30  INFO 49297 --- [api-gateway] [           main] o.s.c.g.r.RouteDefinitionRouteLocator    : Loaded RoutePredicateFactory [Query]
2025-05-11T21:34:16.316+05:30  INFO 49297 --- [api-gateway] [           main] o.s.c.g.r.RouteDefinitionRouteLocator    : Loaded RoutePredicateFactory [ReadBody]
2025-05-11T21:34:16.316+05:30  INFO 49297 --- [api-gateway] [           main] o.s.c.g.r.RouteDefinitionRouteLocator    : Loaded RoutePredicateFactory [RemoteAddr]
2025-05-11T21:34:16.316+05:30  INFO 49297 --- [api-gateway] [           main] o.s.c.g.r.RouteDefinitionRouteLocator    : Loaded RoutePredicateFactory [XForwardedRemoteAddr]
2025-05-11T21:34:16.316+05:30  INFO 49297 --- [api-gateway] [           main] o.s.c.g.r.RouteDefinitionRouteLocator    : Loaded RoutePredicateFactory [Weight]
2025-05-11T21:34:16.316+05:30  INFO 49297 --- [api-gateway] [           main] o.s.c.g.r.RouteDefinitionRouteLocator    : Loaded RoutePredicateFactory [CloudFoundryRouteService]
2025-05-11T21:34:16.552+05:30  INFO 49297 --- [api-gateway] [           main] DiscoveryClientOptionalArgsConfiguration : Eureka HTTP Client uses RestTemplate.
2025-05-11T21:34:16.606+05:30  WARN 49297 --- [api-gateway] [           main] iguration$LoadBalancerCaffeineWarnLogger : Spring Cloud LoadBalancer is currently working with the default cache. While this cache implementation is useful for development and tests, it's recommended to use Caffeine cache in production.You can switch to using Caffeine cache, by adding it and org.springframework.cache.caffeine.CaffeineCacheManager to the classpath.
2025-05-11T21:34:16.643+05:30  INFO 49297 --- [api-gateway] [           main] o.s.c.n.eureka.InstanceInfoFactory       : Setting initial instance status as: STARTING
2025-05-11T21:34:16.743+05:30  INFO 49297 --- [api-gateway] [           main] com.netflix.discovery.DiscoveryClient    : Initializing Eureka in region us-east-1
2025-05-11T21:34:16.750+05:30  INFO 49297 --- [api-gateway] [           main] c.n.d.s.r.aws.ConfigClusterResolver      : Resolving eureka endpoints via configuration
2025-05-11T21:34:16.777+05:30  INFO 49297 --- [api-gateway] [           main] com.netflix.discovery.DiscoveryClient    : Disable delta property : false
2025-05-11T21:34:16.777+05:30  INFO 49297 --- [api-gateway] [           main] com.netflix.discovery.DiscoveryClient    : Single vip registry refresh property : null
2025-05-11T21:34:16.777+05:30  INFO 49297 --- [api-gateway] [           main] com.netflix.discovery.DiscoveryClient    : Force full registry fetch : false
2025-05-11T21:34:16.778+05:30  INFO 49297 --- [api-gateway] [           main] com.netflix.discovery.DiscoveryClient    : Application is null : false
2025-05-11T21:34:16.778+05:30  INFO 49297 --- [api-gateway] [           main] com.netflix.discovery.DiscoveryClient    : Registered Applications size is zero : true
2025-05-11T21:34:16.778+05:30  INFO 49297 --- [api-gateway] [           main] com.netflix.discovery.DiscoveryClient    : Application version is -1: true
2025-05-11T21:34:16.778+05:30  INFO 49297 --- [api-gateway] [           main] com.netflix.discovery.DiscoveryClient    : Getting all instance registry info from the eureka server
2025-05-11T21:34:17.264+05:30  INFO 49297 --- [api-gateway] [           main] com.netflix.discovery.DiscoveryClient    : The response status is 200
2025-05-11T21:34:17.266+05:30  INFO 49297 --- [api-gateway] [           main] com.netflix.discovery.DiscoveryClient    : Starting heartbeat executor: renew interval is: 30
2025-05-11T21:34:17.270+05:30  INFO 49297 --- [api-gateway] [           main] c.n.discovery.InstanceInfoReplicator     : InstanceInfoReplicator onDemand update allowed rate per min is 4
2025-05-11T21:34:17.276+05:30  INFO 49297 --- [api-gateway] [           main] com.netflix.discovery.DiscoveryClient    : Discovery Client initialized at timestamp 1746979457275 with initial instances count: 0
2025-05-11T21:34:17.278+05:30  INFO 49297 --- [api-gateway] [           main] o.s.c.n.e.s.EurekaServiceRegistry        : Registering application API-GATEWAY with eureka with status UP
2025-05-11T21:34:17.279+05:30  INFO 49297 --- [api-gateway] [           main] com.netflix.discovery.DiscoveryClient    : Saw local status change event StatusChangeEvent [timestamp=1746979457279, current=UP, previous=STARTING]
2025-05-11T21:34:17.280+05:30  INFO 49297 --- [api-gateway] [nfoReplicator-0] com.netflix.discovery.DiscoveryClient    : DiscoveryClient_API-GATEWAY/192.168.1.15:api-gateway:8080: registering service...
2025-05-11T21:34:17.327+05:30  INFO 49297 --- [api-gateway] [nfoReplicator-0] com.netflix.discovery.DiscoveryClient    : DiscoveryClient_API-GATEWAY/192.168.1.15:api-gateway:8080 - registration status: 204
2025-05-11T21:34:17.444+05:30  INFO 49297 --- [api-gateway] [           main] o.s.b.web.embedded.netty.NettyWebServer  : Netty started on port 8080
2025-05-11T21:34:17.445+05:30  INFO 49297 --- [api-gateway] [           main] .s.c.n.e.s.EurekaAutoServiceRegistration : Updating port to 8080
2025-05-11T21:34:17.472+05:30  INFO 49297 --- [api-gateway] [           main] c.e.apigateway.ApiGatewayApplication     : Started ApiGatewayApplication in 3.863 seconds (process running for 4.263)
2025-05-11T21:34:47.271+05:30  INFO 49297 --- [api-gateway] [freshExecutor-0] com.netflix.discovery.DiscoveryClient    : Disable delta property : false
2025-05-11T21:34:47.271+05:30  INFO 49297 --- [api-gateway] [freshExecutor-0] com.netflix.discovery.DiscoveryClient    : Single vip registry refresh property : null
2025-05-11T21:34:47.271+05:30  INFO 49297 --- [api-gateway] [freshExecutor-0] com.netflix.discovery.DiscoveryClient    : Force full registry fetch : false
2025-05-11T21:34:47.271+05:30  INFO 49297 --- [api-gateway] [freshExecutor-0] com.netflix.discovery.DiscoveryClient    : Application is null : false
2025-05-11T21:34:47.271+05:30  INFO 49297 --- [api-gateway] [freshExecutor-0] com.netflix.discovery.DiscoveryClient    : Registered Applications size is zero : true
2025-05-11T21:34:47.271+05:30  INFO 49297 --- [api-gateway] [freshExecutor-0] com.netflix.discovery.DiscoveryClient    : Application version is -1: false
2025-05-11T21:34:47.271+05:30  INFO 49297 --- [api-gateway] [freshExecutor-0] com.netflix.discovery.DiscoveryClient    : Getting all instance registry info from the eureka server
2025-05-11T21:34:47.292+05:30  INFO 49297 --- [api-gateway] [freshExecutor-0] com.netflix.discovery.DiscoveryClient    : The response status is 200
2025-05-11T21:35:28.315+05:30  INFO 49297 --- [api-gateway] [ionShutdownHook] o.s.c.n.e.s.EurekaServiceRegistry        : Unregistering application API-GATEWAY with eureka with status DOWN
2025-05-11T21:35:28.317+05:30  INFO 49297 --- [api-gateway] [ionShutdownHook] com.netflix.discovery.DiscoveryClient    : Saw local status change event StatusChangeEvent [timestamp=1746979528317, current=DOWN, previous=UP]
2025-05-11T21:35:28.317+05:30  INFO 49297 --- [api-gateway] [nfoReplicator-0] com.netflix.discovery.DiscoveryClient    : DiscoveryClient_API-GATEWAY/192.168.1.15:api-gateway:8080: registering service...
2025-05-11T21:35:28.326+05:30  INFO 49297 --- [api-gateway] [nfoReplicator-0] com.netflix.discovery.DiscoveryClient    : DiscoveryClient_API-GATEWAY/192.168.1.15:api-gateway:8080 - registration status: 204
2025-05-11T21:35:30.394+05:30  INFO 49297 --- [api-gateway] [ionShutdownHook] com.netflix.discovery.DiscoveryClient    : Shutting down DiscoveryClient ...
2025-05-11T21:35:33.400+05:30  INFO 49297 --- [api-gateway] [ionShutdownHook] com.netflix.discovery.DiscoveryClient    : Unregistering ...
2025-05-11T21:35:33.406+05:30  INFO 49297 --- [api-gateway] [ionShutdownHook] com.netflix.discovery.DiscoveryClient    : DiscoveryClient_API-GATEWAY/192.168.1.15:api-gateway:8080 - deregister  status: 200
2025-05-11T21:35:33.427+05:30  INFO 49297 --- [api-gateway] [ionShutdownHook] com.netflix.discovery.DiscoveryClient    : Completed shut down of DiscoveryClient
